{"name": "verify restaurant open-close status is correct", "status": "broken", "statusDetails": {"message": "selenium.common.exceptions.TimeoutException: Message: \nStacktrace:\n\tGetHandleVerifier [0x00007FF6BB1CC6A5+28789]\n\t(No symbol) [0x00007FF6BB135B20]\n\t(No symbol) [0x00007FF6BAFC8F9A]\n\t(No symbol) [0x00007FF6BB01F346]\n\t(No symbol) [0x00007FF6BB01F57C]\n\t(No symbol) [0x00007FF6BB072B17]\n\t(No symbol) [0x00007FF6BB04736F]\n\t(No symbol) [0x00007FF6BB06F7E3]\n\t(No symbol) [0x00007FF6BB047103]\n\t(No symbol) [0x00007FF6BB00FFC0]\n\t(No symbol) [0x00007FF6BB011273]\n\tGetHandleVerifier [0x00007FF6BB511AED+3458237]\n\tGetHandleVerifier [0x00007FF6BB52829C+3550316]\n\tGetHandleVerifier [0x00007FF6BB51DB9D+3507565]\n\tGetHandleVerifier [0x00007FF6BB292C6A+841274]\n\t(No symbol) [0x00007FF6BB1409EF]\n\t(No symbol) [0x00007FF6BB13CB34]\n\t(No symbol) [0x00007FF6BB13CCD6]\n\t(No symbol) [0x00007FF6BB12C119]\n\tBaseThreadInitThunk [0x00007FFCD135259D+29]\n\tRtlUserThreadStart [0x00007FFCD26CAF38+40]", "trace": "self = <pages.restaurant_page.RestaurantPage object at 0x000001D6466A76D0>\n\n    @allure.step(\"wait for restaurant  page to load\")\n    def wait_for_rest_page_to_load(self):\n        try:\n>           WebDriverWait(self.driver, 10).until(ec.visibility_of_element_located(self.REST_NAME))\n\n..\\pages\\restaurant_page.py:41: \n_ _ _ _ _ _ _ _ _ _ _ _ _ _ _ _ _ _ _ _ _ _ _ _ _ _ _ _ _ _ _ _ _ _ _ _ _ _ _ _ _ _ _ _ _ _ _ _ _ _ _ _ _ _ _ _ _ _ _ _ _ _ _ _ _ _ _ _ _ _ _ _ _ _ _ _ _ _ _ _ _ _ _ _ _ _ _ _ _ _ _ _ _ _ _ _ _ _ _\n\nself = <selenium.webdriver.support.wait.WebDriverWait (session=\"6f3dab1e5faadd49b43ad4151da08334\")>, method = <function visibility_of_element_located.<locals>._predicate at 0x000001D646A35A80>\nmessage = ''\n\n    def until(self, method: Callable[[D], Union[Literal[False], T]], message: str = \"\") -> T:\n        \"\"\"Wait until the method returns a value that is not False.\n    \n        Calls the method provided with the driver as an argument until the\n        return value does not evaluate to ``False``.\n    \n        Parameters:\n        ----------\n        method: callable(WebDriver)\n            - A callable object that takes a WebDriver instance as an argument.\n    \n        message: str\n            - Optional message for :exc:`TimeoutException`\n    \n        Return:\n        -------\n        object: T\n            - The result of the last call to `method`\n    \n        Raises:\n        -------\n        TimeoutException\n            - If 'method' does not return a truthy value within the WebDriverWait\n            object's timeout\n    \n        Example:\n        --------\n        >>> from selenium.webdriver.common.by import By\n        >>> from selenium.webdriver.support.ui import WebDriverWait\n        >>> from selenium.webdriver.support import expected_conditions as EC\n    \n        # Wait until an element is visible on the page\n        >>> wait = WebDriverWait(driver, 10)\n        >>> element = wait.until(EC.visibility_of_element_located((By.ID, \"exampleId\")))\n        >>> print(element.text)\n        \"\"\"\n        screen = None\n        stacktrace = None\n    \n        end_time = time.monotonic() + self._timeout\n        while True:\n            try:\n                value = method(self._driver)\n                if value:\n                    return value\n            except self._ignored_exceptions as exc:\n                screen = getattr(exc, \"screen\", None)\n                stacktrace = getattr(exc, \"stacktrace\", None)\n            if time.monotonic() > end_time:\n                break\n            time.sleep(self._poll)\n>       raise TimeoutException(message, screen, stacktrace)\nE       selenium.common.exceptions.TimeoutException: Message: \nE       Stacktrace:\nE       \tGetHandleVerifier [0x00007FF6BB1CC6A5+28789]\nE       \t(No symbol) [0x00007FF6BB135B20]\nE       \t(No symbol) [0x00007FF6BAFC8F9A]\nE       \t(No symbol) [0x00007FF6BB01F346]\nE       \t(No symbol) [0x00007FF6BB01F57C]\nE       \t(No symbol) [0x00007FF6BB072B17]\nE       \t(No symbol) [0x00007FF6BB04736F]\nE       \t(No symbol) [0x00007FF6BB06F7E3]\nE       \t(No symbol) [0x00007FF6BB047103]\nE       \t(No symbol) [0x00007FF6BB00FFC0]\nE       \t(No symbol) [0x00007FF6BB011273]\nE       \tGetHandleVerifier [0x00007FF6BB511AED+3458237]\nE       \tGetHandleVerifier [0x00007FF6BB52829C+3550316]\nE       \tGetHandleVerifier [0x00007FF6BB51DB9D+3507565]\nE       \tGetHandleVerifier [0x00007FF6BB292C6A+841274]\nE       \t(No symbol) [0x00007FF6BB1409EF]\nE       \t(No symbol) [0x00007FF6BB13CB34]\nE       \t(No symbol) [0x00007FF6BB13CCD6]\nE       \t(No symbol) [0x00007FF6BB12C119]\nE       \tBaseThreadInitThunk [0x00007FFCD135259D+29]\nE       \tRtlUserThreadStart [0x00007FFCD26CAF38+40]\n\n..\\.venv\\Lib\\site-packages\\selenium\\webdriver\\support\\wait.py:146: TimeoutException\n\nDuring handling of the above exception, another exception occurred:\n\nself = <tests.test_rest_page.TestRestPage object at 0x000001D64666FF50>, text = \"ראנץ' האוס מצפה הימים\"\n\n    @pytest.mark.parametrize(\"text\", data)\n    @allure.description(\"test that the indication of open or closed is correct according to reported opening hours\")\n    @allure.title(\"verify restaurant open-close status is correct\")\n    def test_rest_open_now(self, text):\n        self.search_menu.search_partial_text_without_autocomplete_selection(text)\n        self.search_results.wait_for_search_results_page_to_load()\n        is_rest_open_search = self.search_results.is_rest_open_now()\n        self.search_results.click_on_search_result()\n>       self.restaurant_page.wait_for_rest_page_to_load()\n\ntest_rest_page.py:48: \n_ _ _ _ _ _ _ _ _ _ _ _ _ _ _ _ _ _ _ _ _ _ _ _ _ _ _ _ _ _ _ _ _ _ _ _ _ _ _ _ _ _ _ _ _ _ _ _ _ _ _ _ _ _ _ _ _ _ _ _ _ _ _ _ _ _ _ _ _ _ _ _ _ _ _ _ _ _ _ _ _ _ _ _ _ _ _ _ _ _ _ _ _ _ _ _ _ _ _\n..\\pages\\restaurant_page.py:43: in wait_for_rest_page_to_load\n    WebDriverWait(self.driver, 10).until(ec.visibility_of_element_located(self.REVIEW_INFO_BOX))\n_ _ _ _ _ _ _ _ _ _ _ _ _ _ _ _ _ _ _ _ _ _ _ _ _ _ _ _ _ _ _ _ _ _ _ _ _ _ _ _ _ _ _ _ _ _ _ _ _ _ _ _ _ _ _ _ _ _ _ _ _ _ _ _ _ _ _ _ _ _ _ _ _ _ _ _ _ _ _ _ _ _ _ _ _ _ _ _ _ _ _ _ _ _ _ _ _ _ _\n\nself = <selenium.webdriver.support.wait.WebDriverWait (session=\"6f3dab1e5faadd49b43ad4151da08334\")>, method = <function visibility_of_element_located.<locals>._predicate at 0x000001D646A35DA0>\nmessage = ''\n\n    def until(self, method: Callable[[D], Union[Literal[False], T]], message: str = \"\") -> T:\n        \"\"\"Wait until the method returns a value that is not False.\n    \n        Calls the method provided with the driver as an argument until the\n        return value does not evaluate to ``False``.\n    \n        Parameters:\n        ----------\n        method: callable(WebDriver)\n            - A callable object that takes a WebDriver instance as an argument.\n    \n        message: str\n            - Optional message for :exc:`TimeoutException`\n    \n        Return:\n        -------\n        object: T\n            - The result of the last call to `method`\n    \n        Raises:\n        -------\n        TimeoutException\n            - If 'method' does not return a truthy value within the WebDriverWait\n            object's timeout\n    \n        Example:\n        --------\n        >>> from selenium.webdriver.common.by import By\n        >>> from selenium.webdriver.support.ui import WebDriverWait\n        >>> from selenium.webdriver.support import expected_conditions as EC\n    \n        # Wait until an element is visible on the page\n        >>> wait = WebDriverWait(driver, 10)\n        >>> element = wait.until(EC.visibility_of_element_located((By.ID, \"exampleId\")))\n        >>> print(element.text)\n        \"\"\"\n        screen = None\n        stacktrace = None\n    \n        end_time = time.monotonic() + self._timeout\n        while True:\n            try:\n                value = method(self._driver)\n                if value:\n                    return value\n            except self._ignored_exceptions as exc:\n                screen = getattr(exc, \"screen\", None)\n                stacktrace = getattr(exc, \"stacktrace\", None)\n            if time.monotonic() > end_time:\n                break\n            time.sleep(self._poll)\n>       raise TimeoutException(message, screen, stacktrace)\nE       selenium.common.exceptions.TimeoutException: Message: \nE       Stacktrace:\nE       \tGetHandleVerifier [0x00007FF6BB1CC6A5+28789]\nE       \t(No symbol) [0x00007FF6BB135B20]\nE       \t(No symbol) [0x00007FF6BAFC8F9A]\nE       \t(No symbol) [0x00007FF6BB01F346]\nE       \t(No symbol) [0x00007FF6BB01F57C]\nE       \t(No symbol) [0x00007FF6BB072B17]\nE       \t(No symbol) [0x00007FF6BB04736F]\nE       \t(No symbol) [0x00007FF6BB06F7E3]\nE       \t(No symbol) [0x00007FF6BB047103]\nE       \t(No symbol) [0x00007FF6BB00FFC0]\nE       \t(No symbol) [0x00007FF6BB011273]\nE       \tGetHandleVerifier [0x00007FF6BB511AED+3458237]\nE       \tGetHandleVerifier [0x00007FF6BB52829C+3550316]\nE       \tGetHandleVerifier [0x00007FF6BB51DB9D+3507565]\nE       \tGetHandleVerifier [0x00007FF6BB292C6A+841274]\nE       \t(No symbol) [0x00007FF6BB1409EF]\nE       \t(No symbol) [0x00007FF6BB13CB34]\nE       \t(No symbol) [0x00007FF6BB13CCD6]\nE       \t(No symbol) [0x00007FF6BB12C119]\nE       \tBaseThreadInitThunk [0x00007FFCD135259D+29]\nE       \tRtlUserThreadStart [0x00007FFCD26CAF38+40]\n\n..\\.venv\\Lib\\site-packages\\selenium\\webdriver\\support\\wait.py:146: TimeoutException"}, "description": "test that the indication of open or closed is correct according to reported opening hours", "steps": [{"name": "search restaurant with partial texts and without selecting from autocomplete, search string:  'ראנץ' האוס מצפה הימים'", "status": "passed", "attachments": [{"name": "search string", "source": "bfb9ee9f-58e4-4fbf-ab90-47d635454cf5-attachment.txt", "type": "text/plain"}], "parameters": [{"name": "search_string", "value": "'ראנץ' האוס מצפה הימים'"}], "start": 1742201842484, "stop": 1742201842818}, {"name": "wait for search results page to load", "status": "passed", "start": 1742201842818, "stop": 1742201844420}, {"name": "check if restaurant is open now - search page", "status": "passed", "attachments": [{"name": "restaurant is closed", "source": "04b86ecd-aa22-4271-840b-7d77203db67f-attachment.txt", "type": "text/plain"}], "start": 1742201844421, "stop": 1742201844558}, {"name": "click on a search result", "status": "passed", "attachments": [{"name": "number of search results", "source": "d96e1476-5347-4bdd-bc59-1f35019da457-attachment.txt", "type": "text/plain"}, {"name": "exception thrown", "source": "14bfbb0a-befa-4283-8a0c-74d22668ac0b-attachment.txt", "type": "text/plain"}], "start": 1742201844558, "stop": 1742201845025}, {"name": "wait for restaurant  page to load", "status": "broken", "statusDetails": {"message": "selenium.common.exceptions.TimeoutException: Message: \nStacktrace:\n\tGetHandleVerifier [0x00007FF6BB1CC6A5+28789]\n\t(No symbol) [0x00007FF6BB135B20]\n\t(No symbol) [0x00007FF6BAFC8F9A]\n\t(No symbol) [0x00007FF6BB01F346]\n\t(No symbol) [0x00007FF6BB01F57C]\n\t(No symbol) [0x00007FF6BB072B17]\n\t(No symbol) [0x00007FF6BB04736F]\n\t(No symbol) [0x00007FF6BB06F7E3]\n\t(No symbol) [0x00007FF6BB047103]\n\t(No symbol) [0x00007FF6BB00FFC0]\n\t(No symbol) [0x00007FF6BB011273]\n\tGetHandleVerifier [0x00007FF6BB511AED+3458237]\n\tGetHandleVerifier [0x00007FF6BB52829C+3550316]\n\tGetHandleVerifier [0x00007FF6BB51DB9D+3507565]\n\tGetHandleVerifier [0x00007FF6BB292C6A+841274]\n\t(No symbol) [0x00007FF6BB1409EF]\n\t(No symbol) [0x00007FF6BB13CB34]\n\t(No symbol) [0x00007FF6BB13CCD6]\n\t(No symbol) [0x00007FF6BB12C119]\n\tBaseThreadInitThunk [0x00007FFCD135259D+29]\n\tRtlUserThreadStart [0x00007FFCD26CAF38+40]\n\n", "trace": "  File \"D:\\Dev\\Automatiom_Course\\Python\\rest_co_il\\.venv\\Lib\\site-packages\\allure_commons\\_allure.py\", line 192, in impl\n    return func(*a, **kw)\n           ^^^^^^^^^^^^^^\n  File \"D:\\Dev\\Automatiom_Course\\Python\\rest_co_il\\pages\\restaurant_page.py\", line 43, in wait_for_rest_page_to_load\n    WebDriverWait(self.driver, 10).until(ec.visibility_of_element_located(self.REVIEW_INFO_BOX))\n  File \"D:\\Dev\\Automatiom_Course\\Python\\rest_co_il\\.venv\\Lib\\site-packages\\selenium\\webdriver\\support\\wait.py\", line 146, in until\n    raise TimeoutException(message, screen, stacktrace)\n"}, "start": 1742201845025, "stop": 1742201865787}], "attachments": [{"name": "stdout", "source": "0b9a8cf1-b0b5-4d05-a838-f7c88915c2d5-attachment.txt", "type": "text/plain"}], "parameters": [{"name": "text", "value": "'ראנץ' האוס מצפה הימים'"}], "start": 1742201842484, "stop": 1742201865789, "uuid": "92a51c0f-c986-48d4-83ba-c1753eb5816d", "historyId": "1eb978a25721ca78c3c5bced45d68530", "testCaseId": "051c56cbcbca3e7aaa2a223226f2023b", "fullName": "test_rest_page.TestRestPage#test_rest_open_now", "labels": [{"name": "suite", "value": "test_rest_page"}, {"name": "subSuite", "value": "TestRestPage"}, {"name": "host", "value": "DESKTOP-3OBST43"}, {"name": "thread", "value": "76288-MainThread"}, {"name": "framework", "value": "pytest"}, {"name": "language", "value": "cpython3"}, {"name": "package", "value": "test_rest_page"}]}